-1.16567e+006
-1.16505e+006
-1.16542e+006
-1.16466e+006
-1.16422e+006
-1.16352e+006
-1.16305e+006
-1.16265e+006
-1.16228e+006
-1.16183e+006
-1.16123e+006
-1.16124e+006
-1.16051e+006
-1.16037e+006
-1.15913e+006
-1.15847e+006
-1.15778e+006
-1.15756e+006
-1.1568e+006
-1.15557e+006
-1.15478e+006
-1.15411e+006
-1.15363e+006
-1.15295e+006
-1.15148e+006
-1.15088e+006
-1.15031e+006
-1.15002e+006
-1.14973e+006
-1.14917e+006
-1.14854e+006
-1.14714e+006
-1.14588e+006
-1.14465e+006
-1.14452e+006
-1.14367e+006
-1.14318e+006
-1.14231e+006
-1.14182e+006
-1.14153e+006
-1.14079e+006
-1.1397e+006
-1.13926e+006
-1.13951e+006
-1.13919e+006
-1.13936e+006
-1.13834e+006
-1.13864e+006
-1.13818e+006
-1.1373e+006
-1.13724e+006
-1.13683e+006
-1.13679e+006
-1.13653e+006
-1.13657e+006
-1.13657e+006
-1.13635e+006
-1.13572e+006
-1.13498e+006
-1.13472e+006
-1.13455e+006
-1.13429e+006
-1.13374e+006
-1.13418e+006
-1.13379e+006
-1.13348e+006
-1.13288e+006
-1.13289e+006
-1.1324e+006
-1.13261e+006
-1.13238e+006
-1.13193e+006
-1.13171e+006
-1.13173e+006
-1.1308e+006
-1.131e+006
-1.1307e+006
-1.13132e+006
-1.13079e+006
-1.13046e+006
-1.13022e+006
-1.12995e+006
-1.12953e+006
-1.12902e+006
-1.12883e+006
-1.1299e+006
-1.13004e+006
-1.12972e+006
-1.13038e+006
-1.12964e+006
-1.12956e+006
-1.12873e+006
-1.1293e+006
-1.12984e+006
-1.13002e+006
-1.13075e+006
-1.13028e+006
-1.1306e+006
-1.13004e+006
-1.1293e+006
-1.12932e+006
-1.1291e+006
-1.12862e+006
-1.12872e+006
-1.12907e+006
-1.12921e+006
-1.12948e+006
-1.12848e+006
-1.12835e+006
-1.12852e+006
-1.12758e+006
-1.1279e+006
-1.1283e+006
-1.1279e+006
-1.12719e+006
-1.12762e+006
-1.12758e+006
-1.12694e+006
-1.12633e+006
-1.12675e+006
-1.12697e+006
-1.12673e+006
-1.12562e+006
-1.12584e+006
-1.12536e+006
-1.12617e+006
-1.12645e+006
-1.12623e+006
-1.12632e+006
-1.12688e+006
-1.12675e+006
-1.12674e+006
-1.12621e+006
-1.12595e+006
-1.12535e+006
-1.12585e+006
-1.12651e+006
-1.12659e+006
-1.12601e+006
-1.12632e+006
-1.1269e+006
-1.12706e+006
-1.12721e+006
-1.12665e+006
-1.12689e+006
-1.12687e+006
-1.12672e+006
-1.12689e+006
-1.12682e+006
-1.1263e+006
-1.12689e+006
-1.12719e+006
-1.12756e+006
-1.12664e+006
-1.12589e+006
-1.12587e+006
-1.12574e+006
-1.12604e+006
-1.12619e+006
-1.12635e+006
-1.12653e+006
-1.12657e+006
-1.12629e+006
-1.12661e+006
-1.12662e+006
-1.12635e+006
-1.12607e+006
-1.12614e+006
-1.12657e+006
-1.12704e+006
-1.12662e+006
-1.12641e+006
-1.12587e+006
-1.12555e+006
-1.12605e+006
-1.12629e+006
-1.12631e+006
-1.12564e+006
-1.1264e+006
-1.12559e+006
-1.12533e+006
-1.1258e+006
-1.12633e+006
-1.12604e+006
-1.12609e+006
-1.1261e+006
-1.12568e+006
-1.12624e+006
-1.12655e+006
-1.12594e+006
-1.12682e+006
-1.1278e+006
-1.12751e+006
-1.12772e+006
-1.12773e+006
-1.12748e+006
-1.12705e+006
-1.12642e+006
-1.12618e+006
-1.12631e+006
-1.12622e+006
-1.12637e+006
-1.12634e+006
-1.12605e+006
-1.12517e+006
-1.12535e+006
-1.12542e+006
-1.12543e+006
-1.12583e+006
-1.12544e+006
-1.12489e+006
-1.12471e+006
-1.1244e+006
-1.12435e+006
-1.12489e+006
-1.12428e+006
-1.1252e+006
-1.12507e+006
-1.1248e+006
-1.12434e+006
-1.12398e+006
-1.12409e+006
-1.12422e+006
-1.12514e+006
-1.12521e+006
-1.12614e+006
-1.12599e+006
-1.12604e+006
-1.12566e+006
-1.12497e+006
-1.12521e+006
-1.12481e+006
-1.12571e+006
-1.12548e+006
-1.12544e+006
-1.12662e+006
-1.12667e+006
-1.12655e+006
-1.1257e+006
-1.1257e+006
-1.12508e+006
-1.12583e+006
-1.12648e+006
-1.12625e+006
-1.12621e+006
-1.12646e+006
-1.12645e+006
-1.12648e+006
-1.12576e+006
-1.1256e+006
-1.12544e+006
-1.12475e+006
-1.12438e+006
-1.12473e+006
-1.12479e+006
-1.12413e+006
-1.12367e+006
-1.12373e+006
-1.12294e+006
-1.12328e+006
-1.1231e+006
-1.1233e+006
-1.12344e+006
-1.12361e+006
-1.12397e+006
-1.12406e+006
-1.12394e+006
-1.12395e+006
-1.12328e+006
-1.12356e+006
-1.12404e+006
-1.12398e+006
-1.12453e+006
-1.12431e+006
-1.12406e+006
-1.12459e+006
-1.12418e+006
-1.12386e+006
-1.12409e+006
-1.12438e+006
-1.12443e+006
-1.12496e+006
-1.12517e+006
-1.12454e+006
-1.12487e+006
-1.12506e+006
-1.12519e+006
-1.12497e+006
-1.12496e+006
-1.12473e+006
-1.12424e+006
-1.1237e+006
-1.12334e+006
-1.12367e+006
-1.12429e+006
-1.12442e+006
-1.12426e+006
-1.12479e+006
-1.12513e+006
-1.12472e+006
-1.12472e+006
-1.12484e+006
-1.12457e+006
-1.12406e+006
-1.12427e+006
-1.1244e+006
-1.12429e+006
-1.1246e+006
-1.12439e+006
-1.12438e+006
-1.12401e+006
-1.12305e+006
-1.12383e+006
-1.12395e+006
-1.12321e+006
-1.12411e+006
-1.12379e+006
-1.12399e+006
-1.12379e+006
-1.12442e+006
-1.12456e+006
-1.1239e+006
-1.1233e+006
-1.12312e+006
-1.12322e+006
-1.12372e+006
-1.12458e+006
-1.12513e+006
-1.12457e+006
-1.12491e+006
-1.12531e+006
-1.12555e+006
-1.12588e+006
-1.12573e+006
-1.126e+006
-1.12521e+006
-1.12542e+006
-1.12482e+006
-1.12534e+006
-1.12475e+006
-1.12529e+006
-1.12473e+006
-1.12578e+006
-1.12529e+006
-1.12527e+006
-1.12557e+006
-1.12556e+006
-1.12605e+006
-1.12559e+006
-1.12494e+006
-1.12528e+006
-1.12467e+006
-1.12466e+006
-1.12431e+006
-1.12445e+006
-1.12509e+006
-1.12449e+006
-1.12438e+006
-1.12469e+006
-1.12469e+006
-1.12464e+006
-1.12508e+006
-1.12471e+006
-1.12455e+006
-1.1243e+006
-1.12475e+006
-1.12487e+006
-1.12516e+006
-1.12482e+006
-1.12417e+006
-1.12464e+006
-1.12459e+006
-1.12483e+006
-1.12517e+006
-1.12451e+006
-1.12465e+006
-1.12446e+006
-1.12457e+006
-1.12404e+006
-1.1239e+006
-1.12432e+006
-1.12451e+006
-1.12504e+006
-1.12514e+006
-1.12574e+006
-1.12595e+006
-1.12616e+006
-1.12541e+006
-1.12575e+006
-1.12522e+006
-1.12537e+006
-1.12514e+006
-1.12506e+006
-1.12496e+006
-1.12493e+006
-1.1244e+006
-1.12467e+006
-1.12429e+006
-1.12436e+006
-1.12417e+006
-1.12487e+006
-1.12428e+006
-1.12419e+006
-1.12397e+006
-1.1237e+006
-1.12338e+006
-1.12311e+006
-1.12301e+006
-1.12383e+006
-1.12427e+006
-1.12466e+006
-1.12513e+006
-1.12505e+006
-1.12463e+006
-1.12477e+006
-1.12397e+006
-1.12353e+006
-1.12314e+006
-1.12247e+006
-1.12237e+006
-1.12277e+006
-1.12242e+006
-1.12283e+006
-1.12354e+006
-1.12278e+006
-1.1227e+006
-1.12306e+006
-1.1235e+006
-1.12309e+006
-1.12289e+006
-1.12358e+006
-1.12389e+006
-1.1236e+006
-1.12307e+006
-1.12246e+006
-1.1228e+006
-1.1228e+006
-1.12323e+006
-1.12258e+006
-1.12232e+006
-1.12174e+006
-1.12193e+006
-1.12167e+006
-1.12104e+006
-1.1213e+006
-1.12227e+006
-1.12272e+006
-1.12311e+006
-1.12336e+006
-1.12301e+006
-1.12362e+006
-1.12326e+006
-1.12344e+006
-1.12354e+006
-1.12371e+006
-1.12313e+006
-1.12371e+006
-1.124e+006
-1.12351e+006
-1.12344e+006
-1.12367e+006
-1.12409e+006
-1.12358e+006
-1.12398e+006
-1.12341e+006
-1.12368e+006
-1.12341e+006
-1.12382e+006
-1.12397e+006
-1.12411e+006
-1.12363e+006
-1.1247e+006
-1.12443e+006
-1.12495e+006
-1.12488e+006
-1.12511e+006
-1.12552e+006
-1.12519e+006
-1.12464e+006
-1.12444e+006
-1.12415e+006
-1.12347e+006
-1.12351e+006
-1.12303e+006
-1.12328e+006
-1.12355e+006
-1.12321e+006
-1.12394e+006
-1.12399e+006
-1.12297e+006
-1.12303e+006
-1.12308e+006
-1.12336e+006
-1.12363e+006
-1.12334e+006
-1.12334e+006
-1.12322e+006
-1.12328e+006
-1.12369e+006
-1.12318e+006
